Đang boot server và load mô hình AI...
Đang khởi tạo OmniVoice Model...
Đang boot server và load mô hình AI...
Đang khởi tạo OmniVoice Model...
OmniVoice đã sẵn sàng trên thiết bị: cuda:0
[Voice Cache] Đã nạp giọng Ảo (Synthetic) cho: elara
[Voice Cache] Đã nạp giọng Thật (Clone) cho: jessie
[Voice Cache] Đã nạp giọng Ảo (Synthetic) cho: kael
[Voice Cache] Đã nạp giọng Thật (Clone) cho: kent
[Voice Cache] Đã nạp giọng Ảo (Synthetic) cho: narration
Đã map thành công 5 đường dẫn giọng mẫu (Voice Cloning).
Boot hoàn tất!
Đang boot server và load mô hình AI...
Đang khởi tạo OmniVoice Model...
OmniVoice đã sẵn sàng trên thiết bị: cuda:0
[Voice Cache] Đã nạp giọng Ảo (Synthetic) cho: elara
[Voice Cache] Đã nạp giọng Thật (Clone) cho: jessie
[Voice Cache] Đã nạp giọng Ảo (Synthetic) cho: kael
[Voice Cache] Đã nạp giọng Thật (Clone) cho: kent
[Voice Cache] Đã nạp giọng Ảo (Synthetic) cho: narration
Đã map thành công 5 đường dẫn giọng mẫu (Voice Cloning).
Boot hoàn tất!
 OmniVoice đã sẵn sàng trên thiết bị: cuda:0
[Voice Cache] Đã nạp giọng Ảo (Synthetic) cho: elara
[Voice Cache] Đã nạp giọng Thật (Clone) cho: jessie
[Voice Cache] Đã nạp giọng Ảo (Synthetic) cho: kael
[Voice Cache] Đã nạp giọng Thật (Clone) cho: kent
[Voice Cache] Đã nạp giọng Ảo (Synthetic) cho: narration
Đã map thành công 5 đường dẫn giọng mẫu (Voice Cloning).
Boot hoàn tất!
Khởi chạy hệ thống Background Job Polling cho FlowKit...
